2025-05-28 19:05:46,077 - INFO -  nova - Application shutdown
2025-05-28 19:06:18,618 - INFO -  nova - Logger initialized
2025-05-28 19:06:18,621 - INFO -  nova - Server starting... Version: 0.1.0, Debug: False
2025-05-28 19:06:18,670 - INFO -  nova - Application startup complete
2025-05-28 19:06:19,154 - INFO -  nova - {'request': {'url': URL('http://localhost:8000/api/v1/messages/'), 'method': 'POST'}, 'process Time': 0.4663412570953369}
2025-05-28 19:10:40,206 - INFO -  nova - Application shutdown
2025-05-28 19:11:02,295 - INFO -  nova - Logger initialized
2025-05-28 19:11:02,296 - INFO -  nova - Server starting... Version: 0.1.0, Debug: False
2025-05-28 19:11:02,354 - INFO -  nova - Application startup complete
2025-05-28 19:11:22,066 - INFO -  nova - {'request': {'url': URL('http://localhost:8000/api/v1/messages/'), 'method': 'POST'}, 'process Time': 0.44084739685058594}
2025-05-28 19:12:13,245 - INFO -  nova - {'request': {'url': URL('http://localhost:8000/api/v1/messages/'), 'method': 'POST'}, 'process Time': 0.14994192123413086}
2025-05-28 19:13:34,935 - INFO -  nova - {'request': {'url': URL('http://localhost:8000/api/v1/messages/'), 'method': 'POST'}, 'process Time': 0.11607074737548828}
2025-05-28 19:14:46,475 - INFO -  nova - {'request': {'url': URL('http://localhost:8000/api/v1/messages/'), 'method': 'POST'}, 'process Time': 0.14556097984313965}
2025-05-28 19:19:18,421 - INFO -  nova - Application shutdown
2025-05-28 19:19:45,950 - INFO -  nova - Logger initialized
2025-05-28 19:19:45,956 - INFO -  nova - Server starting... Version: 0.1.0, Debug: False
2025-05-28 19:19:46,036 - INFO -  nova - Application startup complete
2025-05-28 19:21:38,661 - INFO -  nova - Application shutdown
2025-05-28 19:22:01,715 - INFO -  nova - Logger initialized
2025-05-28 19:22:01,717 - INFO -  nova - Server starting... Version: 0.1.0, Debug: False
2025-05-28 19:22:01,789 - INFO -  nova - Application startup complete
2025-05-28 19:28:20,721 - INFO -  nova - Application shutdown
2025-05-28 19:28:44,353 - INFO -  nova - Logger initialized
2025-05-28 19:28:44,355 - INFO -  nova - Server starting... Version: 0.1.0, Debug: False
2025-05-28 19:28:44,395 - INFO -  nova - Application startup complete
2025-05-28 19:30:38,235 - INFO -  nova - {'request': {'url': URL('http://localhost:8000/api/v1/messages/'), 'method': 'POST'}, 'process Time': 0.4626319408416748}
2025-05-28 19:32:56,621 - INFO -  nova - {'request': {'url': URL('http://localhost:8000/api/v1/messages/'), 'method': 'POST'}, 'process Time': 0.14171195030212402}
2025-05-28 19:43:12,542 - INFO -  nova - Application shutdown
2025-05-28 19:43:33,952 - INFO -  nova - Logger initialized
2025-05-28 19:43:33,955 - INFO -  nova - Server starting... Version: 0.1.0, Debug: False
2025-05-28 19:43:34,008 - INFO -  nova - Application startup complete
2025-05-28 19:44:05,815 - INFO -  nova - {'request': {'url': URL('http://localhost:8000/api/v1/messages/'), 'method': 'POST'}, 'process Time': 0.4133162498474121}
2025-05-28 19:44:50,101 - INFO -  nova - Application shutdown
2025-05-28 19:45:13,021 - INFO -  nova - Logger initialized
2025-05-28 19:45:13,022 - INFO -  nova - Server starting... Version: 0.1.0, Debug: False
2025-05-28 19:45:13,071 - INFO -  nova - Application startup complete
2025-05-28 19:45:35,094 - INFO -  nova - {'request': {'url': URL('http://localhost:8000/api/v1/messages/'), 'method': 'POST'}, 'process Time': 0.49881958961486816}
2025-05-28 19:47:47,651 - INFO -  nova - Application shutdown
2025-05-28 19:48:07,462 - INFO -  nova - Logger initialized
2025-05-28 19:48:07,462 - INFO -  nova - Server starting... Version: 0.1.0, Debug: False
2025-05-28 19:48:07,519 - INFO -  nova - Application startup complete
2025-05-28 19:48:12,859 - INFO -  nova - {'request': {'url': URL('http://localhost:8000/api/v1/messages/'), 'method': 'POST'}, 'process Time': 0.45609211921691895}
2025-05-28 19:48:38,132 - INFO -  nova - {'request': {'url': URL('http://localhost:8000/api/v1/messages/'), 'method': 'POST'}, 'process Time': 0.14328789710998535}
2025-05-28 19:49:15,573 - INFO -  nova - Application shutdown
2025-05-28 19:49:36,917 - INFO -  nova - Logger initialized
2025-05-28 19:49:36,918 - INFO -  nova - Server starting... Version: 0.1.0, Debug: False
2025-05-28 19:49:37,018 - INFO -  nova - Application startup complete
2025-05-28 19:50:10,146 - INFO -  nova - {'request': {'url': URL('http://localhost:8000/api/v1/messages/'), 'method': 'POST'}, 'process Time': 0.5838243961334229}
2025-05-28 19:55:04,690 - INFO -  nova - Application shutdown
2025-05-28 19:55:24,397 - INFO -  nova - Logger initialized
2025-05-28 19:55:24,399 - INFO -  nova - Server starting... Version: 0.1.0, Debug: False
2025-05-28 19:55:24,452 - INFO -  nova - Application startup complete
2025-05-28 19:55:49,011 - INFO -  nova - {'request': {'url': URL('http://localhost:8000/api/v1/messages/'), 'method': 'POST'}, 'process Time': 0.4181830883026123}
2025-05-28 19:58:15,612 - INFO -  nova - Application shutdown
2025-05-28 19:58:39,262 - INFO -  nova - Logger initialized
2025-05-28 19:58:39,264 - INFO -  nova - Server starting... Version: 0.1.0, Debug: False
2025-05-28 19:58:39,360 - INFO -  nova - Application startup complete
2025-05-28 19:58:50,838 - INFO -  nova - Application shutdown
2025-05-28 19:59:10,948 - INFO -  nova - Logger initialized
2025-05-28 19:59:10,955 - INFO -  nova - Server starting... Version: 0.1.0, Debug: False
2025-05-28 19:59:11,185 - INFO -  nova - Application startup complete
2025-05-28 19:59:37,185 - INFO -  nova - {'request': {'url': URL('http://localhost:8000/api/v1/messages/'), 'method': 'POST'}, 'process Time': 0.4340243339538574}
2025-05-28 20:02:48,126 - INFO -  nova - Application shutdown
2025-05-28 20:03:33,817 - INFO -  nova - Logger initialized
2025-05-28 20:03:33,818 - INFO -  nova - Server starting... Version: 0.1.0, Debug: False
2025-05-28 20:03:33,948 - INFO -  nova - Application startup complete
2025-05-28 20:03:33,964 - INFO -  nova - Application shutdown
2025-05-28 20:04:17,507 - INFO -  nova - Logger initialized
2025-05-28 20:04:17,507 - INFO -  nova - Server starting... Version: 0.1.0, Debug: False
2025-05-28 20:04:17,618 - INFO -  nova - Application startup complete
2025-05-28 20:05:51,282 - INFO -  nova - {'request': {'url': URL('http://localhost:8000/api/v1/messages/'), 'method': 'OPTIONS'}, 'process Time': 0.008224964141845703}
2025-05-28 20:05:52,304 - INFO -  nova - {'request': {'url': URL('http://localhost:8000/api/v1/messages/'), 'method': 'POST'}, 'process Time': 0.9941215515136719}
2025-05-28 20:07:07,977 - INFO -  nova - Application shutdown
2025-05-28 20:07:39,798 - INFO -  nova - Logger initialized
2025-05-28 20:07:39,819 - INFO -  nova - Server starting... Version: 0.1.0, Debug: False
2025-05-28 20:07:39,934 - INFO -  nova - Application startup complete
2025-05-28 20:09:01,946 - INFO -  nova - {'request': {'url': URL('http://localhost:8000/api/v1/messages/'), 'method': 'POST'}, 'process Time': 1.0195140838623047}
2025-05-28 20:09:35,999 - INFO -  nova - Application shutdown
2025-05-28 21:15:47,788 - INFO -  nova - Logger initialized
2025-05-28 21:15:47,790 - INFO -  nova - Server starting... Version: 0.1.0, Debug: False
2025-05-28 21:16:06,119 - INFO -  nova - Logger initialized
2025-05-28 21:16:06,120 - INFO -  nova - Server starting... Version: 0.1.0, Debug: False
2025-05-28 21:16:06,183 - INFO -  nova - Application startup complete
2025-05-28 21:17:28,486 - INFO -  nova - {'request': {'url': URL('http://localhost:8000/api/v1/messages/'), 'method': 'OPTIONS'}, 'process Time': 0.0004971027374267578}
2025-05-28 21:17:29,120 - INFO -  nova - {'request': {'url': URL('http://localhost:8000/api/v1/messages/'), 'method': 'POST'}, 'process Time': 0.6103932857513428}
2025-05-28 21:18:32,222 - INFO -  nova - {'request': {'url': URL('http://localhost:8000/api/v1/models/?provider=all'), 'method': 'GET'}, 'process Time': 0.16362547874450684}
2025-05-28 21:18:59,748 - INFO -  nova - {'request': {'url': URL('http://localhost:8000/api/v1/models/?provider=all'), 'method': 'GET'}, 'process Time': 0.0071833133697509766}
2025-05-28 21:19:41,909 - INFO -  nova - {'request': {'url': URL('http://localhost:8000/api/v1/conversations/'), 'method': 'OPTIONS'}, 'process Time': 0.0005266666412353516}
2025-05-28 21:19:41,986 - INFO -  nova - {'request': {'url': URL('http://localhost:8000/api/v1/conversations/'), 'method': 'POST'}, 'process Time': 0.06861305236816406}
2025-05-28 21:19:42,038 - INFO -  nova - {'request': {'url': URL('http://localhost:8000/api/v1/messages/'), 'method': 'POST'}, 'process Time': 0.038385629653930664}
2025-05-28 21:20:37,290 - INFO -  nova - {'request': {'url': URL('http://localhost:8000/api/v1/messages/'), 'method': 'POST'}, 'process Time': 0.15071988105773926}
2025-05-28 21:25:06,224 - INFO -  nova - {'request': {'url': URL('http://localhost:8000/api/v1/models/?provider=all'), 'method': 'GET'}, 'process Time': 0.007002353668212891}
2025-05-28 21:26:35,746 - INFO -  nova - {'request': {'url': URL('http://localhost:8000/api/v1/models/?provider=all'), 'method': 'GET'}, 'process Time': 0.009024858474731445}
2025-05-28 21:26:48,885 - INFO -  nova - {'request': {'url': URL('http://localhost:8000/api/v1/conversations/'), 'method': 'POST'}, 'process Time': 0.168487548828125}
2025-05-28 21:26:48,991 - INFO -  nova - {'request': {'url': URL('http://localhost:8000/api/v1/messages/'), 'method': 'POST'}, 'process Time': 0.09495759010314941}
2025-05-28 21:36:02,790 - INFO -  nova - {'request': {'url': URL('http://localhost:8000/api/v1/models/?provider=all'), 'method': 'GET'}, 'process Time': 0.005968570709228516}
2025-05-28 21:37:12,806 - INFO -  nova - {'request': {'url': URL('http://localhost:8000/api/v1/models/?provider=all'), 'method': 'GET'}, 'process Time': 0.010479211807250977}
2025-05-28 21:37:50,825 - INFO -  nova - {'request': {'url': URL('http://localhost:8000/api/v1/models/?provider=all'), 'method': 'GET'}, 'process Time': 0.008315324783325195}
2025-05-28 21:38:06,925 - INFO -  nova - {'request': {'url': URL('http://localhost:8000/api/v1/conversations/'), 'method': 'POST'}, 'process Time': 0.01726555824279785}
2025-05-28 21:38:06,982 - INFO -  nova - {'request': {'url': URL('http://localhost:8000/api/v1/messages/'), 'method': 'POST'}, 'process Time': 0.04698014259338379}
2025-05-28 21:41:07,027 - INFO -  nova - Application shutdown
2025-05-28 21:41:34,472 - INFO -  nova - Logger initialized
2025-05-28 21:41:34,473 - INFO -  nova - Server starting... Version: 0.1.0, Debug: False
2025-05-28 21:41:34,536 - INFO -  nova - Application startup complete
2025-05-28 21:42:48,234 - INFO -  nova - {'request': {'url': URL('http://localhost:8000/api/v1/messages/'), 'method': 'POST'}, 'process Time': 0.45754480361938477}
2025-05-28 21:46:00,341 - INFO -  nova - Application shutdown
2025-05-28 22:13:41,905 - INFO -  nova - Logger initialized
2025-05-28 22:13:41,916 - INFO -  nova - Server starting... Version: 0.1.0, Debug: False
2025-05-28 22:14:35,625 - INFO -  nova - Logger initialized
2025-05-28 22:14:35,625 - INFO -  nova - Server starting... Version: 0.1.0, Debug: False
2025-05-28 22:14:35,784 - INFO -  nova - Application startup complete
2025-05-28 22:15:14,800 - INFO -  nova - {'request': {'url': URL('http://localhost:8000/api/v1/models/?provider=all'), 'method': 'GET'}, 'process Time': 0.11084389686584473}
2025-05-28 22:18:12,313 - INFO -  nova - {'request': {'url': URL('http://localhost:8000/api/v1/conversations/'), 'method': 'POST'}, 'process Time': 0.3020782470703125}
2025-05-28 22:18:12,341 - INFO -  nova - {'request': {'url': URL('http://localhost:8000/api/v1/messages/'), 'method': 'OPTIONS'}, 'process Time': 0.0011184215545654297}
2025-05-28 22:18:13,021 - INFO -  nova - {'request': {'url': URL('http://localhost:8000/api/v1/messages/'), 'method': 'POST'}, 'process Time': 0.5489161014556885}
2025-05-28 22:31:02,866 - INFO -  nova - Application shutdown
2025-05-29 21:23:02,207 - INFO -  nova - Logger initialized
2025-05-29 21:23:02,211 - INFO -  nova - Server starting... Version: 0.1.0, Debug: False
2025-05-29 21:23:11,101 - INFO -  nova - Logger initialized
2025-05-29 21:23:11,102 - INFO -  nova - Server starting... Version: 0.1.0, Debug: False
2025-05-29 21:23:11,125 - INFO -  nova - Application startup complete
2025-05-29 21:24:59,597 - INFO -  nova - {'request': {'url': URL('http://localhost:8000/api/v1/models/?provider=all'), 'method': 'GET'}, 'process Time': 0.4375159740447998}
2025-05-29 21:25:45,344 - INFO -  nova - {'request': {'url': URL('http://localhost:8000/api/v1/models/?provider=all'), 'method': 'GET'}, 'process Time': 0.004997730255126953}
2025-05-29 21:26:04,746 - INFO -  nova - {'request': {'url': URL('http://localhost:8000/api/v1/conversations/'), 'method': 'OPTIONS'}, 'process Time': 0.0}
2025-05-29 21:26:04,900 - INFO -  nova - {'request': {'url': URL('http://localhost:8000/api/v1/conversations/'), 'method': 'POST'}, 'process Time': 0.14369940757751465}
2025-05-29 21:26:04,919 - INFO -  nova - {'request': {'url': URL('http://localhost:8000/api/v1/messages/'), 'method': 'OPTIONS'}, 'process Time': 0.0009992122650146484}
2025-05-29 21:26:05,372 - INFO -  nova - {'request': {'url': URL('http://localhost:8000/api/v1/messages/'), 'method': 'POST'}, 'process Time': 0.43502116203308105}
2025-05-29 21:26:27,476 - INFO -  nova - {'request': {'url': URL('http://localhost:8000/api/v1/messages/'), 'method': 'POST'}, 'process Time': 0.11622357368469238}
2025-05-29 21:31:36,714 - INFO -  nova - Application shutdown
2025-05-29 21:31:50,804 - INFO -  nova - Logger initialized
2025-05-29 21:31:50,804 - INFO -  nova - Server starting... Version: 0.1.0, Debug: False
2025-05-29 21:31:50,840 - INFO -  nova - Application startup complete
2025-05-29 21:32:49,303 - INFO -  nova - {'request': {'url': URL('http://localhost:8000/api/v1/messages/'), 'method': 'POST'}, 'process Time': 0.448807954788208}
2025-05-29 21:33:44,622 - INFO -  nova - Application shutdown
2025-05-29 21:34:07,726 - INFO -  nova - Logger initialized
2025-05-29 21:34:07,726 - INFO -  nova - Server starting... Version: 0.1.0, Debug: False
2025-05-29 21:34:07,784 - INFO -  nova - Application startup complete
2025-05-29 21:34:36,776 - INFO -  nova - {'request': {'url': URL('http://localhost:8000/api/v1/messages/'), 'method': 'POST'}, 'process Time': 0.4781961441040039}
2025-05-29 21:49:09,829 - INFO -  nova - Application shutdown
2025-05-29 21:50:25,968 - INFO -  nova - Logger initialized
2025-05-29 21:50:25,969 - INFO -  nova - Server starting... Version: 0.1.0, Debug: False
2025-05-29 21:50:26,038 - INFO -  nova - Application startup complete
2025-05-29 21:51:03,521 - INFO -  nova - Application shutdown
2025-05-29 21:51:20,764 - INFO -  nova - Logger initialized
2025-05-29 21:51:20,765 - INFO -  nova - Server starting... Version: 0.1.0, Debug: False
2025-05-29 21:51:20,813 - INFO -  nova - Application startup complete
2025-05-29 21:52:37,558 - INFO -  nova - {'request': {'url': URL('http://localhost:8000/api/v1/messages/'), 'method': 'POST'}, 'process Time': 0.4487569332122803}
2025-05-29 21:58:08,449 - INFO -  nova - Application shutdown
2025-05-29 21:58:40,020 - INFO -  nova - Logger initialized
2025-05-29 21:58:40,020 - INFO -  nova - Server starting... Version: 0.1.0, Debug: False
2025-05-29 21:58:40,076 - INFO -  nova - Application startup complete
2025-05-29 21:59:36,214 - INFO -  nova - {'request': {'url': URL('http://localhost:8000/api/v1/models/?provider=all'), 'method': 'GET'}, 'process Time': 0.059609174728393555}
2025-05-29 22:06:59,612 - INFO -  nova - Application shutdown
2025-05-29 22:07:17,270 - INFO -  nova - Logger initialized
2025-05-29 22:07:17,270 - INFO -  nova - Server starting... Version: 0.1.0, Debug: False
2025-05-29 22:07:17,349 - INFO -  nova - Application startup complete
2025-05-29 22:09:01,719 - INFO -  nova - {'request': {'url': URL('http://localhost:8000/api/v1/conversations/'), 'method': 'POST'}, 'process Time': 0.2740650177001953}
2025-05-29 22:09:02,166 - INFO -  nova - {'request': {'url': URL('http://localhost:8000/api/v1/messages/'), 'method': 'POST'}, 'process Time': 0.4204437732696533}
2025-05-29 22:09:15,645 - INFO -  nova - {'request': {'url': URL('http://localhost:8000/api/v1/messages/'), 'method': 'POST'}, 'process Time': 0.16504359245300293}
2025-05-29 22:13:22,574 - INFO -  nova - Application shutdown
2025-05-29 22:13:47,623 - INFO -  nova - Logger initialized
2025-05-29 22:13:47,623 - INFO -  nova - Server starting... Version: 0.1.0, Debug: False
2025-05-29 22:13:47,681 - INFO -  nova - Application startup complete
2025-05-29 22:27:27,906 - INFO -  nova - Application shutdown
2025-05-29 22:27:56,703 - INFO -  nova - Logger initialized
2025-05-29 22:27:56,704 - INFO -  nova - Server starting... Version: 0.1.0, Debug: False
2025-05-29 22:28:10,959 - INFO -  nova - Logger initialized
2025-05-29 22:28:10,960 - INFO -  nova - Server starting... Version: 0.1.0, Debug: False
2025-05-29 22:28:11,005 - INFO -  nova - Application startup complete
2025-05-29 22:28:20,674 - INFO -  nova - {'request': {'url': URL('http://localhost:8000/api/v1/messages/'), 'method': 'OPTIONS'}, 'process Time': 0.001004934310913086}
2025-05-29 22:28:21,134 - INFO -  nova - {'request': {'url': URL('http://localhost:8000/api/v1/messages/'), 'method': 'POST'}, 'process Time': 0.44432568550109863}
2025-05-29 22:34:46,282 - INFO -  nova - Application shutdown
2025-05-29 23:01:20,690 - INFO -  nova - Logger initialized
2025-05-29 23:01:20,703 - INFO -  nova - Server starting... Version: 0.1.0, Debug: False
2025-05-29 23:01:42,689 - INFO -  nova - Logger initialized
2025-05-29 23:01:42,705 - INFO -  nova - Server starting... Version: 0.1.0, Debug: False
2025-05-29 23:01:42,784 - INFO -  nova - Application startup complete
2025-05-29 23:02:52,081 - INFO -  nova - {'request': {'url': URL('http://localhost:8000/api/v1/models/?provider=all'), 'method': 'GET'}, 'process Time': 0.3669161796569824}
2025-05-29 23:04:22,749 - INFO -  nova - {'request': {'url': URL('http://localhost:8000/api/v1/models/?provider=all'), 'method': 'GET'}, 'process Time': 0.03238081932067871}
2025-05-29 23:04:39,241 - INFO -  nova - {'request': {'url': URL('http://localhost:8000/api/v1/conversations/'), 'method': 'OPTIONS'}, 'process Time': 0.0}
2025-05-29 23:04:39,414 - INFO -  nova - {'request': {'url': URL('http://localhost:8000/api/v1/conversations/'), 'method': 'POST'}, 'process Time': 0.09496140480041504}
2025-05-29 23:04:40,018 - INFO -  nova - {'request': {'url': URL('http://localhost:8000/api/v1/messages/'), 'method': 'POST'}, 'process Time': 0.5516924858093262}
2025-05-29 23:05:55,243 - INFO -  nova - {'request': {'url': URL('http://localhost:8000/api/v1/messages/'), 'method': 'POST'}, 'process Time': 0.19156861305236816}
2025-05-29 23:10:06,888 - INFO -  nova - Application shutdown
2025-05-31 18:53:29,647 - INFO -  nova - Logger initialized
2025-05-31 18:53:29,654 - INFO -  nova - Server starting... Version: 0.1.0, Debug: False
2025-05-31 18:53:54,617 - INFO -  nova - Logger initialized
2025-05-31 18:53:54,617 - INFO -  nova - Server starting... Version: 0.1.0, Debug: False
2025-05-31 18:53:54,692 - INFO -  nova - Application startup complete
2025-05-31 18:54:17,940 - INFO -  nova - {'request': {'url': URL('http://localhost:8000/api/v1/models/?provider=all'), 'method': 'GET'}, 'process Time': 0.5355393886566162}
2025-05-31 18:56:19,124 - INFO -  nova - {'request': {'url': URL('http://localhost:8000/api/v1/conversations/'), 'method': 'OPTIONS'}, 'process Time': 0.0}
2025-05-31 18:56:19,289 - INFO -  nova - {'request': {'url': URL('http://localhost:8000/api/v1/conversations/'), 'method': 'POST'}, 'process Time': 0.15550732612609863}
2025-05-31 18:56:19,340 - INFO -  nova - {'request': {'url': URL('http://localhost:8000/api/v1/messages/'), 'method': 'OPTIONS'}, 'process Time': 0.0}
2025-05-31 18:56:20,015 - INFO -  nova - {'request': {'url': URL('http://localhost:8000/api/v1/messages/'), 'method': 'POST'}, 'process Time': 0.6106336116790771}
2025-05-31 18:57:20,305 - INFO -  nova - Application shutdown
2025-05-31 19:54:51,033 - INFO -  nova - Logger initialized
2025-05-31 19:54:51,034 - INFO -  nova - Server starting... Version: 0.1.0, Debug: False
2025-05-31 19:55:02,486 - INFO -  nova - Logger initialized
2025-05-31 19:55:02,487 - INFO -  nova - Server starting... Version: 0.1.0, Debug: False
2025-05-31 19:55:02,524 - INFO -  nova - Application startup complete
2025-05-31 19:55:52,583 - INFO -  nova - {'request': {'url': URL('http://localhost:8000/api/v1/models/?provider=all'), 'method': 'GET'}, 'process Time': 0.13610100746154785}
2025-05-31 19:57:14,823 - INFO -  nova - {'request': {'url': URL('http://localhost:8000/api/v1/conversations/'), 'method': 'OPTIONS'}, 'process Time': 0.0009510517120361328}
2025-05-31 19:57:14,913 - INFO -  nova - {'request': {'url': URL('http://localhost:8000/api/v1/conversations/'), 'method': 'POST'}, 'process Time': 0.08223199844360352}
2025-05-31 19:57:14,928 - INFO -  nova - {'request': {'url': URL('http://localhost:8000/api/v1/messages/'), 'method': 'OPTIONS'}, 'process Time': 0.0009930133819580078}
2025-05-31 19:57:15,202 - INFO -  nova - {'request': {'url': URL('http://localhost:8000/api/v1/messages/'), 'method': 'POST'}, 'process Time': 0.26370811462402344}
2025-05-31 19:58:29,989 - INFO -  nova - {'request': {'url': URL('http://localhost:8000/api/v1/messages/'), 'method': 'POST'}, 'process Time': 0.13759660720825195}
2025-05-31 20:01:28,849 - INFO -  nova - Application shutdown
2025-05-31 20:01:41,160 - INFO -  nova - Logger initialized
2025-05-31 20:01:41,162 - INFO -  nova - Server starting... Version: 0.1.0, Debug: False
2025-05-31 20:01:41,213 - INFO -  nova - Application startup complete
2025-05-31 20:06:57,294 - INFO -  nova - Application shutdown
2025-05-31 20:07:07,653 - INFO -  nova - Logger initialized
2025-05-31 20:07:07,654 - INFO -  nova - Server starting... Version: 0.1.0, Debug: False
2025-05-31 20:07:07,687 - INFO -  nova - Application startup complete
2025-05-31 20:07:37,016 - INFO -  nova - {'request': {'url': URL('http://localhost:8000/api/v1/messages/'), 'method': 'POST'}, 'process Time': 0.417039155960083}
2025-05-31 20:11:36,528 - INFO -  nova - Application shutdown
2025-05-31 20:11:48,090 - INFO -  nova - Logger initialized
2025-05-31 20:11:48,091 - INFO -  nova - Server starting... Version: 0.1.0, Debug: False
2025-05-31 20:11:48,114 - INFO -  nova - Application startup complete
2025-05-31 20:11:55,967 - INFO -  nova - {'request': {'url': URL('http://localhost:8000/api/v1/messages/'), 'method': 'POST'}, 'process Time': 0.4457566738128662}
2025-05-31 20:12:40,974 - INFO -  nova - Application shutdown
2025-05-31 20:12:53,702 - INFO -  nova - Logger initialized
2025-05-31 20:12:53,704 - INFO -  nova - Server starting... Version: 0.1.0, Debug: False
2025-05-31 20:12:53,756 - INFO -  nova - Application startup complete
2025-05-31 20:16:08,596 - INFO -  nova - Application shutdown
2025-05-31 20:16:19,340 - INFO -  nova - Logger initialized
2025-05-31 20:16:19,341 - INFO -  nova - Server starting... Version: 0.1.0, Debug: False
2025-05-31 20:16:19,373 - INFO -  nova - Application startup complete
2025-05-31 20:16:27,606 - INFO -  nova - {'request': {'url': URL('http://localhost:8000/api/v1/messages/'), 'method': 'POST'}, 'process Time': 0.4057121276855469}
2025-05-31 20:19:05,251 - INFO -  nova - Application shutdown
2025-05-31 20:19:16,061 - INFO -  nova - Logger initialized
2025-05-31 20:19:16,063 - INFO -  nova - Server starting... Version: 0.1.0, Debug: False
2025-05-31 20:19:16,110 - INFO -  nova - Application startup complete
2025-05-31 20:19:18,857 - INFO -  nova - {'request': {'url': URL('http://localhost:8000/api/v1/messages/'), 'method': 'POST'}, 'process Time': 0.3613870143890381}
2025-05-31 20:20:10,384 - INFO -  nova - Application shutdown
2025-05-31 20:20:23,526 - INFO -  nova - Logger initialized
2025-05-31 20:20:23,527 - INFO -  nova - Server starting... Version: 0.1.0, Debug: False
2025-05-31 20:20:23,577 - INFO -  nova - Application startup complete
2025-05-31 20:22:09,417 - INFO -  nova - Application shutdown
2025-05-31 20:22:23,314 - INFO -  nova - Logger initialized
2025-05-31 20:22:23,314 - INFO -  nova - Server starting... Version: 0.1.0, Debug: False
2025-05-31 20:22:31,952 - INFO -  nova - Logger initialized
2025-05-31 20:22:31,954 - INFO -  nova - Server starting... Version: 0.1.0, Debug: False
2025-05-31 20:22:32,007 - INFO -  nova - Application startup complete
2025-05-31 20:25:03,366 - INFO -  nova - {'request': {'url': URL('http://localhost:8000/api/v1/messages/'), 'method': 'POST'}, 'process Time': 0.4299046993255615}
2025-05-31 20:26:15,187 - INFO -  nova - Application shutdown
2025-05-31 20:59:24,933 - INFO -  nova - Logger initialized
2025-05-31 20:59:24,933 - INFO -  nova - Server starting... Version: 0.1.0, Debug: False
2025-05-31 20:59:34,016 - INFO -  nova - Logger initialized
2025-05-31 20:59:34,017 - INFO -  nova - Server starting... Version: 0.1.0, Debug: False
2025-05-31 20:59:34,054 - INFO -  nova - Application startup complete
2025-05-31 20:59:39,087 - INFO -  nova - {'request': {'url': URL('http://localhost:8000/api/v1/messages/'), 'method': 'OPTIONS'}, 'process Time': 0.0}
2025-05-31 20:59:39,459 - INFO -  nova - {'request': {'url': URL('http://localhost:8000/api/v1/messages/'), 'method': 'POST'}, 'process Time': 0.36282801628112793}
2025-05-31 21:04:31,066 - INFO -  nova - Application shutdown
2025-05-31 21:04:43,259 - INFO -  nova - Logger initialized
2025-05-31 21:04:43,260 - INFO -  nova - Server starting... Version: 0.1.0, Debug: False
2025-05-31 21:04:43,302 - INFO -  nova - Application startup complete
2025-05-31 21:04:58,881 - INFO -  nova - {'request': {'url': URL('http://localhost:8000/api/v1/messages/'), 'method': 'POST'}, 'process Time': 0.3682847023010254}
2025-05-31 21:07:52,156 - INFO -  nova - Application shutdown
2025-05-31 21:08:03,452 - INFO -  nova - Logger initialized
2025-05-31 21:08:03,452 - INFO -  nova - Server starting... Version: 0.1.0, Debug: False
2025-05-31 21:08:03,498 - INFO -  nova - Application startup complete
2025-05-31 21:08:28,916 - INFO -  nova - {'request': {'url': URL('http://localhost:8000/api/v1/messages/'), 'method': 'POST'}, 'process Time': 0.41368746757507324}
2025-05-31 21:08:58,785 - INFO -  nova - Application shutdown
2025-05-31 21:09:09,951 - INFO -  nova - Logger initialized
2025-05-31 21:09:09,952 - INFO -  nova - Server starting... Version: 0.1.0, Debug: False
2025-05-31 21:09:09,993 - INFO -  nova - Application startup complete
2025-05-31 21:09:26,505 - INFO -  nova - {'request': {'url': URL('http://localhost:8000/api/v1/models/?provider=all'), 'method': 'GET'}, 'process Time': 0.13663721084594727}
2025-05-31 21:09:35,855 - INFO -  nova - {'request': {'url': URL('http://localhost:8000/api/v1/conversations/'), 'method': 'OPTIONS'}, 'process Time': 0.0010275840759277344}
2025-05-31 21:09:35,944 - INFO -  nova - {'request': {'url': URL('http://localhost:8000/api/v1/conversations/'), 'method': 'POST'}, 'process Time': 0.08339118957519531}
2025-05-31 21:09:36,307 - INFO -  nova - {'request': {'url': URL('http://localhost:8000/api/v1/messages/'), 'method': 'POST'}, 'process Time': 0.35496091842651367}
2025-05-31 21:09:55,902 - INFO -  nova - {'request': {'url': URL('http://localhost:8000/api/v1/messages/'), 'method': 'POST'}, 'process Time': 0.09842324256896973}
2025-05-31 21:11:16,919 - INFO -  nova - Application shutdown
2025-05-31 21:11:27,614 - INFO -  nova - Logger initialized
2025-05-31 21:11:27,615 - INFO -  nova - Server starting... Version: 0.1.0, Debug: False
2025-05-31 21:11:27,666 - INFO -  nova - Application startup complete
2025-05-31 21:12:20,744 - INFO -  nova - {'request': {'url': URL('http://localhost:8000/api/v1/messages/'), 'method': 'POST'}, 'process Time': 0.4010343551635742}
2025-05-31 21:22:32,458 - INFO -  nova - Application shutdown
2025-05-31 21:22:43,582 - INFO -  nova - Logger initialized
2025-05-31 21:22:43,582 - INFO -  nova - Server starting... Version: 0.1.0, Debug: False
2025-05-31 21:22:43,622 - INFO -  nova - Application startup complete
2025-05-31 21:23:06,976 - INFO -  nova - {'request': {'url': URL('http://localhost:8000/api/v1/messages/'), 'method': 'POST'}, 'process Time': 0.32747578620910645}
2025-05-31 21:41:03,939 - INFO -  nova - Application shutdown
2025-05-31 21:41:16,027 - INFO -  nova - Logger initialized
2025-05-31 21:41:16,028 - INFO -  nova - Server starting... Version: 0.1.0, Debug: False
2025-05-31 21:41:16,076 - INFO -  nova - Application startup complete
2025-05-31 21:44:14,683 - INFO -  nova - Application shutdown
2025-05-31 21:44:30,016 - INFO -  nova - Logger initialized
2025-05-31 21:44:30,016 - INFO -  nova - Server starting... Version: 0.1.0, Debug: False
2025-05-31 21:44:30,138 - INFO -  nova - Application startup complete
2025-05-31 21:47:50,054 - INFO -  nova - Application shutdown
2025-05-31 21:48:09,267 - INFO -  nova - Logger initialized
2025-05-31 21:48:09,269 - INFO -  nova - Server starting... Version: 0.1.0, Debug: False
2025-05-31 21:48:09,334 - INFO -  nova - Application startup complete
2025-05-31 21:48:20,698 - INFO -  nova - {'request': {'url': URL('http://localhost:8000/api/v1/messages/'), 'method': 'POST'}, 'process Time': 0.5653038024902344}
2025-05-31 21:51:25,249 - INFO -  nova - Application shutdown
2025-05-31 21:51:41,690 - INFO -  nova - Logger initialized
2025-05-31 21:51:41,690 - INFO -  nova - Server starting... Version: 0.1.0, Debug: False
2025-05-31 21:51:41,742 - INFO -  nova - Application startup complete
2025-05-31 21:51:41,754 - INFO -  nova - Application shutdown
2025-05-31 21:52:09,683 - INFO -  nova - Logger initialized
2025-05-31 21:52:09,683 - INFO -  nova - Server starting... Version: 0.1.0, Debug: False
2025-05-31 21:52:23,737 - INFO -  nova - Logger initialized
2025-05-31 21:52:23,737 - INFO -  nova - Server starting... Version: 0.1.0, Debug: False
2025-05-31 21:52:23,804 - INFO -  nova - Application startup complete
2025-05-31 21:52:51,385 - INFO -  nova - {'request': {'url': URL('http://localhost:8000/api/v1/messages/'), 'method': 'POST'}, 'process Time': 0.5763368606567383}
2025-05-31 21:53:30,472 - INFO -  nova - Application shutdown
2025-05-31 21:53:47,058 - INFO -  nova - Logger initialized
2025-05-31 21:53:47,066 - INFO -  nova - Server starting... Version: 0.1.0, Debug: False
2025-05-31 21:53:47,105 - INFO -  nova - Application startup complete
2025-05-31 21:55:48,090 - INFO -  nova - {'request': {'url': URL('http://localhost:8000/api/v1/messages/'), 'method': 'POST'}, 'process Time': 0.43865227699279785}
2025-05-31 21:58:05,374 - INFO -  nova - Application shutdown
2025-05-31 21:58:24,988 - INFO -  nova - Logger initialized
2025-05-31 21:58:24,989 - INFO -  nova - Server starting... Version: 0.1.0, Debug: False
2025-05-31 21:58:25,058 - INFO -  nova - Application startup complete
2025-05-31 21:58:33,584 - INFO -  nova - {'request': {'url': URL('http://localhost:8000/api/v1/models/?provider=all'), 'method': 'GET'}, 'process Time': 0.030616044998168945}
2025-05-31 22:07:49,893 - INFO -  nova - {'request': {'url': URL('http://localhost:8000/api/v1/models/?provider=all'), 'method': 'GET'}, 'process Time': 0.009847640991210938}
2025-05-31 22:07:49,945 - INFO -  nova - {'request': {'url': URL('http://localhost:8000/api/v1/models/?provider=all'), 'method': 'GET'}, 'process Time': 0.0303955078125}
2025-05-31 22:08:02,196 - INFO -  nova - {'request': {'url': URL('http://localhost:8000/api/v1/models/?provider=all'), 'method': 'GET'}, 'process Time': 0.10903167724609375}
2025-05-31 22:08:28,291 - INFO -  nova - {'request': {'url': URL('http://localhost:8000/api/v1/models/?provider=all'), 'method': 'GET'}, 'process Time': 0.008594512939453125}
2025-05-31 22:08:33,832 - INFO -  nova - {'request': {'url': URL('http://localhost:8000/api/v1/conversations/'), 'method': 'POST'}, 'process Time': 0.1619577407836914}
2025-05-31 22:08:33,851 - INFO -  nova - {'request': {'url': URL('http://localhost:8000/api/v1/messages/'), 'method': 'OPTIONS'}, 'process Time': 0.0008437633514404297}
2025-05-31 22:08:34,225 - INFO -  nova - {'request': {'url': URL('http://localhost:8000/api/v1/messages/'), 'method': 'POST'}, 'process Time': 0.362809419631958}
2025-05-31 22:09:14,559 - INFO -  nova - {'request': {'url': URL('http://localhost:8000/api/v1/models/?provider=all'), 'method': 'GET'}, 'process Time': 0.007639884948730469}
2025-05-31 22:09:28,408 - INFO -  nova - {'request': {'url': URL('http://localhost:8000/api/v1/conversations/'), 'method': 'POST'}, 'process Time': 0.13796496391296387}
2025-05-31 22:09:28,496 - INFO -  nova - {'request': {'url': URL('http://localhost:8000/api/v1/messages/'), 'method': 'POST'}, 'process Time': 0.07640290260314941}
2025-05-31 22:15:10,076 - INFO -  nova - Application shutdown
2025-05-31 22:15:30,110 - INFO -  nova - Logger initialized
2025-05-31 22:15:30,110 - INFO -  nova - Server starting... Version: 0.1.0, Debug: False
2025-05-31 22:15:30,182 - INFO -  nova - Application startup complete
2025-05-31 22:15:31,774 - INFO -  nova - {'request': {'url': URL('http://localhost:8000/api/v1/messages/'), 'method': 'POST'}, 'process Time': 0.45650267601013184}
2025-05-31 22:17:41,636 - INFO -  nova - Application shutdown
2025-05-31 22:17:58,561 - INFO -  nova - Logger initialized
2025-05-31 22:17:58,561 - INFO -  nova - Server starting... Version: 0.1.0, Debug: False
2025-05-31 22:17:58,622 - INFO -  nova - Application startup complete
2025-05-31 22:17:58,626 - INFO -  nova - Application shutdown
2025-05-31 22:18:21,664 - INFO -  nova - Logger initialized
2025-05-31 22:18:21,667 - INFO -  nova - Server starting... Version: 0.1.0, Debug: False
2025-05-31 22:18:36,571 - INFO -  nova - Logger initialized
2025-05-31 22:18:36,574 - INFO -  nova - Server starting... Version: 0.1.0, Debug: False
2025-05-31 22:18:36,639 - INFO -  nova - Application startup complete
2025-05-31 22:18:58,638 - INFO -  nova - {'request': {'url': URL('http://localhost:8000/api/v1/models/?provider=all'), 'method': 'GET'}, 'process Time': 0.2537343502044678}
2025-05-31 22:19:29,497 - INFO -  nova - {'request': {'url': URL('http://localhost:8000/api/v1/models/?provider=all'), 'method': 'GET'}, 'process Time': 0.010590314865112305}
2025-05-31 22:20:22,642 - INFO -  nova - {'request': {'url': URL('http://localhost:8000/api/v1/conversations/'), 'method': 'OPTIONS'}, 'process Time': 0.0}
2025-05-31 22:20:22,740 - INFO -  nova - {'request': {'url': URL('http://localhost:8000/api/v1/conversations/'), 'method': 'POST'}, 'process Time': 0.08390045166015625}
2025-05-31 22:20:23,274 - INFO -  nova - {'request': {'url': URL('http://localhost:8000/api/v1/messages/'), 'method': 'POST'}, 'process Time': 0.5169973373413086}
2025-05-31 22:29:54,144 - INFO -  nova - Application shutdown
2025-05-31 22:30:14,919 - INFO -  nova - Logger initialized
2025-05-31 22:30:14,924 - INFO -  nova - Server starting... Version: 0.1.0, Debug: False
2025-05-31 22:30:14,990 - INFO -  nova - Application startup complete
2025-05-31 22:31:06,459 - INFO -  nova - {'request': {'url': URL('http://localhost:8000/api/v1/models/?provider=all'), 'method': 'GET'}, 'process Time': 0.37153005599975586}
2025-05-31 22:31:13,991 - INFO -  nova - {'request': {'url': URL('http://localhost:8000/api/v1/conversations/'), 'method': 'POST'}, 'process Time': 0.23930764198303223}
2025-05-31 22:31:14,442 - INFO -  nova - {'request': {'url': URL('http://localhost:8000/api/v1/messages/'), 'method': 'POST'}, 'process Time': 0.43884849548339844}
2025-05-31 22:35:35,954 - INFO -  nova - Application shutdown
2025-05-31 22:35:57,597 - INFO -  nova - Logger initialized
2025-05-31 22:35:57,597 - INFO -  nova - Server starting... Version: 0.1.0, Debug: False
2025-05-31 22:35:57,675 - INFO -  nova - Application startup complete
2025-05-31 22:36:02,172 - INFO -  nova - {'request': {'url': URL('http://localhost:8000/api/v1/messages/'), 'method': 'POST'}, 'process Time': 0.5899298191070557}
2025-05-31 22:36:27,489 - INFO -  nova - {'request': {'url': URL('http://localhost:8000/api/v1/messages/'), 'method': 'POST'}, 'process Time': 0.147169828414917}
2025-05-31 22:37:02,163 - INFO -  nova - {'request': {'url': URL('http://localhost:8000/api/v1/messages/'), 'method': 'POST'}, 'process Time': 0.13827896118164062}
2025-05-31 22:38:22,939 - INFO -  nova - {'request': {'url': URL('http://localhost:8000/api/v1/messages/'), 'method': 'POST'}, 'process Time': 0.14236140251159668}
2025-05-31 22:40:17,016 - INFO -  nova - {'request': {'url': URL('http://localhost:8000/api/v1/messages/'), 'method': 'POST'}, 'process Time': 0.19249868392944336}
2025-05-31 22:47:30,988 - INFO -  nova - Application shutdown
2025-05-31 22:47:54,249 - INFO -  nova - Logger initialized
2025-05-31 22:47:54,249 - INFO -  nova - Server starting... Version: 0.1.0, Debug: False
2025-05-31 22:47:54,321 - INFO -  nova - Application startup complete
2025-05-31 22:49:58,595 - INFO -  nova - {'request': {'url': URL('http://localhost:8000/api/v1/messages/'), 'method': 'POST'}, 'process Time': 0.4785327911376953}
2025-05-31 22:50:24,885 - INFO -  nova - {'request': {'url': URL('http://localhost:8000/api/v1/messages/'), 'method': 'POST'}, 'process Time': 0.13018274307250977}
2025-05-31 22:51:01,078 - INFO -  nova - Application shutdown
2025-05-31 22:51:20,178 - INFO -  nova - Logger initialized
2025-05-31 22:51:20,178 - INFO -  nova - Server starting... Version: 0.1.0, Debug: False
2025-05-31 22:51:20,254 - INFO -  nova - Application startup complete
2025-05-31 22:51:44,228 - INFO -  nova - {'request': {'url': URL('http://localhost:8000/api/v1/messages/'), 'method': 'POST'}, 'process Time': 0.4572451114654541}
2025-05-31 22:52:17,909 - INFO -  nova - {'request': {'url': URL('http://localhost:8000/api/v1/messages/'), 'method': 'POST'}, 'process Time': 0.163283109664917}
2025-05-31 22:52:29,835 - INFO -  nova - {'request': {'url': URL('http://localhost:8000/api/v1/models/?provider=all'), 'method': 'GET'}, 'process Time': 0.0113372802734375}
2025-05-31 22:52:37,439 - INFO -  nova - {'request': {'url': URL('http://localhost:8000/api/v1/conversations/'), 'method': 'POST'}, 'process Time': 0.13676190376281738}
2025-05-31 22:52:37,518 - INFO -  nova - {'request': {'url': URL('http://localhost:8000/api/v1/messages/'), 'method': 'POST'}, 'process Time': 0.06793427467346191}
2025-05-31 22:52:53,240 - INFO -  nova - {'request': {'url': URL('http://localhost:8000/api/v1/messages/'), 'method': 'POST'}, 'process Time': 0.13631939888000488}
2025-05-31 22:53:27,731 - INFO -  nova - {'request': {'url': URL('http://localhost:8000/api/v1/messages/'), 'method': 'POST'}, 'process Time': 0.11861991882324219}
2025-05-31 22:53:41,953 - INFO -  nova - {'request': {'url': URL('http://localhost:8000/api/v1/messages/'), 'method': 'POST'}, 'process Time': 0.128159761428833}
2025-05-31 22:55:37,150 - INFO -  nova - Application shutdown
